<?xml version="1.0" encoding="UTF-8"?>
<testsuite xmlns:xsi="http://www.w3.org/2001/XMLSchema-instance" xsi:noNamespaceSchemaLocation="https://maven.apache.org/surefire/maven-surefire-plugin/xsd/surefire-test-report.xsd" name="TestDriver" time="0.077" tests="15" errors="0" skipped="0" failures="0">
  <properties>
    <property name="java.specification.version" value="17"/>
    <property name="sun.jnu.encoding" value="UTF-8"/>
    <property name="java.class.path" value="/home/mihailbozhilov/Documents/Projects/SoftwareAG-JenkinsCalculator/target/test-classes:/home/mihailbozhilov/Documents/Projects/SoftwareAG-JenkinsCalculator/target/classes:/home/mihailbozhilov/.m2/repository/org/junit/jupiter/junit-jupiter/5.8.2/junit-jupiter-5.8.2.jar:/home/mihailbozhilov/.m2/repository/org/junit/jupiter/junit-jupiter-api/5.8.2/junit-jupiter-api-5.8.2.jar:/home/mihailbozhilov/.m2/repository/org/opentest4j/opentest4j/1.2.0/opentest4j-1.2.0.jar:/home/mihailbozhilov/.m2/repository/org/junit/platform/junit-platform-commons/1.8.2/junit-platform-commons-1.8.2.jar:/home/mihailbozhilov/.m2/repository/org/apiguardian/apiguardian-api/1.1.2/apiguardian-api-1.1.2.jar:/home/mihailbozhilov/.m2/repository/org/junit/jupiter/junit-jupiter-params/5.8.2/junit-jupiter-params-5.8.2.jar:/home/mihailbozhilov/.m2/repository/org/junit/jupiter/junit-jupiter-engine/5.8.2/junit-jupiter-engine-5.8.2.jar:/home/mihailbozhilov/.m2/repository/org/junit/platform/junit-platform-engine/1.8.2/junit-platform-engine-1.8.2.jar:"/>
    <property name="java.vm.vendor" value="Oracle Corporation"/>
    <property name="sun.arch.data.model" value="64"/>
    <property name="java.vendor.url" value="https://java.oracle.com/"/>
    <property name="os.name" value="Linux"/>
    <property name="java.vm.specification.version" value="17"/>
    <property name="sun.java.launcher" value="SUN_STANDARD"/>
    <property name="user.country" value="US"/>
    <property name="sun.boot.library.path" value="/usr/lib/jvm/java-17-oracle/lib"/>
    <property name="sun.java.command" value="/home/mihailbozhilov/Documents/Projects/SoftwareAG-JenkinsCalculator/target/surefire/surefirebooter8185002664172284635.jar /home/mihailbozhilov/Documents/Projects/SoftwareAG-JenkinsCalculator/target/surefire 2022-04-12T22-26-43_932-jvmRun1 surefire478379490656529764tmp surefire_011820847656696159351tmp"/>
    <property name="jdk.debug" value="release"/>
    <property name="surefire.test.class.path" value="/home/mihailbozhilov/Documents/Projects/SoftwareAG-JenkinsCalculator/target/test-classes:/home/mihailbozhilov/Documents/Projects/SoftwareAG-JenkinsCalculator/target/classes:/home/mihailbozhilov/.m2/repository/org/junit/jupiter/junit-jupiter/5.8.2/junit-jupiter-5.8.2.jar:/home/mihailbozhilov/.m2/repository/org/junit/jupiter/junit-jupiter-api/5.8.2/junit-jupiter-api-5.8.2.jar:/home/mihailbozhilov/.m2/repository/org/opentest4j/opentest4j/1.2.0/opentest4j-1.2.0.jar:/home/mihailbozhilov/.m2/repository/org/junit/platform/junit-platform-commons/1.8.2/junit-platform-commons-1.8.2.jar:/home/mihailbozhilov/.m2/repository/org/apiguardian/apiguardian-api/1.1.2/apiguardian-api-1.1.2.jar:/home/mihailbozhilov/.m2/repository/org/junit/jupiter/junit-jupiter-params/5.8.2/junit-jupiter-params-5.8.2.jar:/home/mihailbozhilov/.m2/repository/org/junit/jupiter/junit-jupiter-engine/5.8.2/junit-jupiter-engine-5.8.2.jar:/home/mihailbozhilov/.m2/repository/org/junit/platform/junit-platform-engine/1.8.2/junit-platform-engine-1.8.2.jar:"/>
    <property name="sun.cpu.endian" value="little"/>
    <property name="user.home" value="/home/mihailbozhilov"/>
    <property name="user.language" value="en"/>
    <property name="java.specification.vendor" value="Oracle Corporation"/>
    <property name="java.version.date" value="2021-10-19"/>
    <property name="java.home" value="/usr/lib/jvm/java-17-oracle"/>
    <property name="file.separator" value="/"/>
    <property name="basedir" value="/home/mihailbozhilov/Documents/Projects/SoftwareAG-JenkinsCalculator"/>
    <property name="java.vm.compressedOopsMode" value="Zero based"/>
    <property name="line.separator" value="&#10;"/>
    <property name="java.vm.specification.vendor" value="Oracle Corporation"/>
    <property name="java.specification.name" value="Java Platform API Specification"/>
    <property name="surefire.real.class.path" value="/home/mihailbozhilov/Documents/Projects/SoftwareAG-JenkinsCalculator/target/surefire/surefirebooter8185002664172284635.jar"/>
    <property name="sun.management.compiler" value="HotSpot 64-Bit Tiered Compilers"/>
    <property name="java.runtime.version" value="17.0.1+12-LTS-39"/>
    <property name="user.name" value="mihailbozhilov"/>
    <property name="path.separator" value=":"/>
    <property name="os.version" value="5.13.0-39-generic"/>
    <property name="java.runtime.name" value="Java(TM) SE Runtime Environment"/>
    <property name="file.encoding" value="UTF-8"/>
    <property name="java.vm.name" value="Java HotSpot(TM) 64-Bit Server VM"/>
    <property name="localRepository" value="/home/mihailbozhilov/.m2/repository"/>
    <property name="java.vendor.url.bug" value="https://bugreport.java.com/bugreport/"/>
    <property name="java.io.tmpdir" value="/tmp"/>
    <property name="java.version" value="17.0.1"/>
    <property name="user.dir" value="/home/mihailbozhilov/Documents/Projects/SoftwareAG-JenkinsCalculator"/>
    <property name="os.arch" value="amd64"/>
    <property name="java.vm.specification.name" value="Java Virtual Machine Specification"/>
    <property name="native.encoding" value="UTF-8"/>
    <property name="java.library.path" value="/usr/java/packages/lib:/usr/lib64:/lib64:/lib:/usr/lib"/>
    <property name="java.vm.info" value="mixed mode, sharing"/>
    <property name="java.vendor" value="Oracle Corporation"/>
    <property name="java.vm.version" value="17.0.1+12-LTS-39"/>
    <property name="sun.io.unicode.encoding" value="UnicodeLittle"/>
    <property name="java.class.version" value="61.0"/>
  </properties>
  <testcase name="testAppBadInput" classname="TestDriver" time="0.024"/>
  <testcase name="unsupportedFormatFirstParameter" classname="TestDriver" time="0.002"/>
  <testcase name="unsupportedFormatSecondParameter" classname="TestDriver" time="0.006"/>
  <testcase name="testLog" classname="TestDriver" time="0.008"/>
  <testcase name="testPower" classname="TestDriver" time="0.007"/>
  <testcase name="testRoot" classname="TestDriver" time="0.003"/>
  <testcase name="testMultiplication" classname="TestDriver" time="0.002"/>
  <testcase name="testAddition" classname="TestDriver" time="0.002"/>
  <testcase name="testAppGoodInput" classname="TestDriver" time="0.002"/>
  <testcase name="unsupportedOperation" classname="TestDriver" time="0.004"/>
  <testcase name="unsupportedFormatOperation" classname="TestDriver" time="0.001"/>
  <testcase name="testModulus" classname="TestDriver" time="0.001"/>
  <testcase name="testSwitchDefault" classname="TestDriver" time="0.001"/>
  <testcase name="testDivision" classname="TestDriver" time="0.002"/>
  <testcase name="testSubtraction" classname="TestDriver" time="0.002"/>
</testsuite>